<?xml version="1.0" encoding="UTF-8"?>
<testsuite name="TriangleTest" tests="1" skipped="0" failures="0" errors="0" timestamp="2023-03-14T09:02:17" hostname="LAPTOP-1IK9F399" time="0.012">
  <properties/>
  <testcase name="杈撳叆閿欒" classname="TriangleTest" time="0.012"/>
  <system-out><![CDATA[]]></system-out>
  <system-err><![CDATA[]]></system-err>
</testsuite>
